Arguments: 
  /Users/irees/.nvm/versions/node/v10.15.3/bin/node /usr/local/Cellar/yarn/1.13.0/libexec/bin/yarn.js add apollo-in-memory-cache

PATH: 
  /Users/irees/src/google/google-cloud-sdk/bin:/Users/irees/.nvm/versions/node/v10.15.3/bin:/usr/local/opt/sqlite3/bin:/usr/local/opt/sqlite/bin:/usr/local/Cellar/node/10.11.0/bin:/Users/irees/env/bin:/Users/irees/.rbenv/shims:/usr/local/bin:/usr/bin:/bin:/usr/sbin:/sbin:/opt/X11/bin:/Applications/Visual Studio Code.app/Contents/Resources/app/bin:/Users/irees/go/bin

Yarn version: 
  1.13.0

Node version: 
  10.15.3

Platform: 
  darwin x64

Trace: 
  Error: https://registry.yarnpkg.com/apollo-in-memory-cache: Not found
      at Request.params.callback [as _callback] (/usr/local/Cellar/yarn/1.13.0/libexec/lib/cli.js:66255:18)
      at Request.self.callback (/usr/local/Cellar/yarn/1.13.0/libexec/lib/cli.js:129397:22)
      at Request.emit (events.js:189:13)
      at Request.<anonymous> (/usr/local/Cellar/yarn/1.13.0/libexec/lib/cli.js:130369:10)
      at Request.emit (events.js:189:13)
      at IncomingMessage.<anonymous> (/usr/local/Cellar/yarn/1.13.0/libexec/lib/cli.js:130291:12)
      at Object.onceWrapper (events.js:277:13)
      at IncomingMessage.emit (events.js:194:15)
      at endReadableNT (_stream_readable.js:1125:12)
      at process._tickCallback (internal/process/next_tick.js:63:19)

npm manifest: 
  No manifest

yarn manifest: 
  No manifest

Lockfile: 
  No lockfile
